
2월 15, 2017 10:35:50.01 NEW SESSION
2월 15, 2017 10:35:50.01 
2월 15, 2017 10:35:50.01 KLIB_SelfTest return : KLR_OK
2월 15, 2017 13:16:33.29 [37616:37672:0215/131633.296:ERROR:socket_stream.cc(210)] Closing stream with result -101
2월 15, 2017 13:46:26.17 [37616:37672:0215/134626.175:ERROR:connection_factory_impl.cc(367)] Failed to connect to MCS endpoint with error -106
2월 15, 2017 13:46:26.19 [37616:27928:0215/134626.199:ERROR:gcm_channel_status_request.cc(89)] GCM channel request failed.
2월 15, 2017 13:46:30.75 [37616:29912:0215/134630.754:ERROR:get_updates_processor.cc(244)] PostClientToServerMessage() failed during GetUpdates
2월 15, 2017 13:46:36.89 [37616:37672:0215/134636.896:ERROR:connection_factory_impl.cc(367)] Failed to connect to MCS endpoint with error -21
2월 15, 2017 13:46:36.89 [37616:29912:0215/134636.897:ERROR:get_updates_processor.cc(244)] PostClientToServerMessage() failed during GetUpdates
2월 15, 2017 13:46:39.90 [37616:37672:0215/134639.903:ERROR:connection_factory_impl.cc(367)] Failed to connect to MCS endpoint with error -21
2월 15, 2017 13:46:39.90 [37616:29912:0215/134639.908:ERROR:get_updates_processor.cc(244)] PostClientToServerMessage() failed during GetUpdates
2월 15, 2017 17:49:39.50 [37616:37672:0215/174939.505:ERROR:socket_stream.cc(210)] Closing stream with result -101
2월 16, 2017 01:20:41.83 [37616:29912:0216/012041.837:ERROR:get_updates_processor.cc(244)] PostClientToServerMessage() failed during GetUpdates
2월 16, 2017 01:20:43.45 [37616:27928:0216/012043.456:ERROR:gcm_channel_status_request.cc(89)] GCM channel request failed.
2월 16, 2017 01:20:43.52 [37616:37672:0216/012043.528:ERROR:connection_factory_impl.cc(367)] Failed to connect to MCS endpoint with error -21
2월 16, 2017 01:20:49.72 [37616:37672:0216/012049.727:ERROR:connection_factory_impl.cc(367)] Failed to connect to MCS endpoint with error -21
2월 16, 2017 01:20:49.72 [37616:29912:0216/012049.729:ERROR:get_updates_processor.cc(244)] PostClientToServerMessage() failed during GetUpdates
2월 16, 2017 01:20:52.06 [37616:37672:0216/012052.062:ERROR:connection_factory_impl.cc(367)] Failed to connect to MCS endpoint with error -21
2월 16, 2017 01:20:52.06 [37616:29912:0216/012052.063:ERROR:get_updates_processor.cc(244)] PostClientToServerMessage() failed during GetUpdates
2월 16, 2017 01:20:55.09 [37616:37672:0216/012055.094:ERROR:connection_factory_impl.cc(367)] Failed to connect to MCS endpoint with error -105
2월 16, 2017 01:20:55.10 [37616:29912:0216/012055.105:ERROR:get_updates_processor.cc(244)] PostClientToServerMessage() failed during GetUpdates
2월 16, 2017 01:20:55.11 [37616:29912:0216/012055.110:ERROR:get_updates_processor.cc(244)] PostClientToServerMessage() failed during GetUpdates
2월 16, 2017 01:21:10.30 [37616:27928:0216/012110.305:ERROR:gcm_channel_status_request.cc(89)] GCM channel request failed.
2월 16, 2017 01:22:00.91 [37616:27928:0216/012200.917:ERROR:gcm_channel_status_request.cc(89)] GCM channel request failed.
2월 16, 2017 01:23:35.97 [37616:37672:0216/012335.972:ERROR:connection_factory_impl.cc(367)] Failed to connect to MCS endpoint with error -105
2월 16, 2017 01:23:35.97 [37616:29912:0216/012335.973:ERROR:get_updates_processor.cc(244)] PostClientToServerMessage() failed during GetUpdates
2월 16, 2017 01:23:35.97 [37616:29912:0216/012335.978:ERROR:get_updates_processor.cc(244)] PostClientToServerMessage() failed during GetUpdates
2월 16, 2017 01:23:43.58 [37616:27928:0216/012343.582:ERROR:gcm_channel_status_request.cc(89)] GCM channel request failed.
2월 16, 2017 01:23:59.02 [37616:37672:0216/012359.023:ERROR:connection_factory_impl.cc(367)] Failed to connect to MCS endpoint with error -21
2월 16, 2017 01:23:59.02 [37616:29912:0216/012359.025:ERROR:get_updates_processor.cc(244)] PostClientToServerMessage() failed during GetUpdates
2월 16, 2017 01:24:59.01 A Parser-blocking, cross-origin script, http://srv3.wa.marketingsolutions.yahoo.com/script/ScriptServlet?aid=1ONKN2QIF47JURK3ELIBBRVNRRK, is invoked via document.write. This may be blocked by the browser if the device has poor network connectivity. See https://www.chromestatus.com/feature/5718547946799104 for more details.
2월 16, 2017 01:24:59.01 A Parser-blocking, cross-origin script, http://srv3.wa.marketingsolutions.yahoo.com/script/ScriptServlet?aid=1ONKN2QIF47JURK3ELIBBRVNRRK, is invoked via document.write. This may be blocked by the browser if the device has poor network connectivity. See https://www.chromestatus.com/feature/5718547946799104 for more details.
2월 16, 2017 01:24:59.01 A Parser-blocking, cross-origin script, http://cr.acecounter.com/Web/AceCounter_AW.js?gc=AM5A37543951804&py=0&gd=gtp5&gp=8080&up=NaPm_Ncisy&rd=1487175887023, is invoked via document.write. This may be blocked by the browser if the device has poor network connectivity. See https://www.chromestatus.com/feature/5718547946799104 for more details.
2월 16, 2017 01:24:59.01 A Parser-blocking, cross-origin script, http://cr.acecounter.com/Web/AceCounter_AW.js?gc=AM5A37543951804&py=0&gd=gtp5&gp=8080&up=NaPm_Ncisy&rd=1487175887023, is invoked via document.write. This may be blocked by the browser if the device has poor network connectivity. See https://www.chromestatus.com/feature/5718547946799104 for more details.
2월 16, 2017 01:24:59.01 A Parser-blocking, cross-origin script, http://adlog.adinsight.co.kr/emnet/trs_esc.js, is invoked via document.write. This may be blocked by the browser if the device has poor network connectivity. See https://www.chromestatus.com/feature/5718547946799104 for more details.
2월 16, 2017 01:24:59.01 A Parser-blocking, cross-origin script, http://adlog.adinsight.co.kr/emnet/trs_esc.js, is invoked via document.write. This may be blocked by the browser if the device has poor network connectivity. See https://www.chromestatus.com/feature/5718547946799104 for more details.
2월 16, 2017 01:24:59.01 A Parser-blocking, cross-origin script, http://srv3.wa.marketingsolutions.yahoo.com/script/ScriptServlet?aid=1ONKN2QIF47JURK3ELIBBRVNRRK, is invoked via document.write. This may be blocked by the browser if the device has poor network connectivity. See https://www.chromestatus.com/feature/5718547946799104 for more details.
2월 16, 2017 01:24:59.01 A Parser-blocking, cross-origin script, http://srv3.wa.marketingsolutions.yahoo.com/script/ScriptServlet?aid=1ONKN2QIF47JURK3ELIBBRVNRRK, is invoked via document.write. This may be blocked by the browser if the device has poor network connectivity. See https://www.chromestatus.com/feature/5718547946799104 for more details.
2월 16, 2017 01:24:59.01 A Parser-blocking, cross-origin script, http://cr.acecounter.com/Web/AceCounter_AW.js?gc=AM5A37543951804&py=0&gd=gtp5&gp=8080&up=NaPm_Ncisy&rd=1487175896919, is invoked via document.write. This may be blocked by the browser if the device has poor network connectivity. See https://www.chromestatus.com/feature/5718547946799104 for more details.
2월 16, 2017 01:24:59.01 A Parser-blocking, cross-origin script, http://cr.acecounter.com/Web/AceCounter_AW.js?gc=AM5A37543951804&py=0&gd=gtp5&gp=8080&up=NaPm_Ncisy&rd=1487175896919, is invoked via document.write. This may be blocked by the browser if the device has poor network connectivity. See https://www.chromestatus.com/feature/5718547946799104 for more details.
2월 16, 2017 01:24:59.01 A Parser-blocking, cross-origin script, http://adlog.adinsight.co.kr/emnet/trs_esc.js, is invoked via document.write. This may be blocked by the browser if the device has poor network connectivity. See https://www.chromestatus.com/feature/5718547946799104 for more details.
2월 16, 2017 01:24:59.01 A Parser-blocking, cross-origin script, http://adlog.adinsight.co.kr/emnet/trs_esc.js, is invoked via document.write. This may be blocked by the browser if the device has poor network connectivity. See https://www.chromestatus.com/feature/5718547946799104 for more details.
2월 16, 2017 01:25:04.93 A Parser-blocking, cross-origin script, http://srv3.wa.marketingsolutions.yahoo.com/script/ScriptServlet?aid=1ONKN2QIF47JURK3ELIBBRVNRRK, is invoked via document.write. This may be blocked by the browser if the device has poor network connectivity. See https://www.chromestatus.com/feature/5718547946799104 for more details.
2월 16, 2017 01:25:04.93 A Parser-blocking, cross-origin script, http://srv3.wa.marketingsolutions.yahoo.com/script/ScriptServlet?aid=1ONKN2QIF47JURK3ELIBBRVNRRK, is invoked via document.write. This may be blocked by the browser if the device has poor network connectivity. See https://www.chromestatus.com/feature/5718547946799104 for more details.
2월 16, 2017 01:25:04.93 A Parser-blocking, cross-origin script, http://srv3.wa.marketingsolutions.yahoo.com/script/ScriptServlet?aid=1ONKN2QIF47JURK3ELIBBRVNRRK, is invoked via document.write. This may be blocked by the browser if the device has poor network connectivity. See https://www.chromestatus.com/feature/5718547946799104 for more details.
2월 16, 2017 01:25:04.93 A Parser-blocking, cross-origin script, http://srv3.wa.marketingsolutions.yahoo.com/script/ScriptServlet?aid=1ONKN2QIF47JURK3ELIBBRVNRRK, is invoked via document.write. This may be blocked by the browser if the device has poor network connectivity. See https://www.chromestatus.com/feature/5718547946799104 for more details.
2월 16, 2017 01:25:04.93 A Parser-blocking, cross-origin script, http://cr.acecounter.com/Web/AceCounter_AW.js?gc=AM5A37543951804&py=0&gd=gtp5&gp=8080&up=NaPm_Ncisy&rd=1487175901274, is invoked via document.write. This may be blocked by the browser if the device has poor network connectivity. See https://www.chromestatus.com/feature/5718547946799104 for more details.
2월 16, 2017 01:25:04.93 A Parser-blocking, cross-origin script, http://cr.acecounter.com/Web/AceCounter_AW.js?gc=AM5A37543951804&py=0&gd=gtp5&gp=8080&up=NaPm_Ncisy&rd=1487175901274, is invoked via document.write. This may be blocked by the browser if the device has poor network connectivity. See https://www.chromestatus.com/feature/5718547946799104 for more details.
2월 16, 2017 01:25:04.93 A Parser-blocking, cross-origin script, http://adlog.adinsight.co.kr/emnet/trs_esc.js, is invoked via document.write. This may be blocked by the browser if the device has poor network connectivity. See https://www.chromestatus.com/feature/5718547946799104 for more details.
2월 16, 2017 01:25:04.93 A Parser-blocking, cross-origin script, http://adlog.adinsight.co.kr/emnet/trs_esc.js, is invoked via document.write. This may be blocked by the browser if the device has poor network connectivity. See https://www.chromestatus.com/feature/5718547946799104 for more details.
2월 16, 2017 01:25:04.93 A Parser-blocking, cross-origin script, http://srv3.wa.marketingsolutions.yahoo.com/script/ScriptServlet?aid=1ONKN2QIF47JURK3ELIBBRVNRRK, is invoked via document.write. This may be blocked by the browser if the device has poor network connectivity. See https://www.chromestatus.com/feature/5718547946799104 for more details.
2월 16, 2017 01:25:04.93 A Parser-blocking, cross-origin script, http://srv3.wa.marketingsolutions.yahoo.com/script/ScriptServlet?aid=1ONKN2QIF47JURK3ELIBBRVNRRK, is invoked via document.write. This may be blocked by the browser if the device has poor network connectivity. See https://www.chromestatus.com/feature/5718547946799104 for more details.
2월 16, 2017 01:25:04.93 A Parser-blocking, cross-origin script, http://cr.acecounter.com/Web/AceCounter_AW.js?gc=AM5A37543951804&py=0&gd=gtp5&gp=8080&up=NaPm_Ncisy&rd=1487175904858, is invoked via document.write. This may be blocked by the browser if the device has poor network connectivity. See https://www.chromestatus.com/feature/5718547946799104 for more details.
2월 16, 2017 01:25:04.93 A Parser-blocking, cross-origin script, http://cr.acecounter.com/Web/AceCounter_AW.js?gc=AM5A37543951804&py=0&gd=gtp5&gp=8080&up=NaPm_Ncisy&rd=1487175904858, is invoked via document.write. This may be blocked by the browser if the device has poor network connectivity. See https://www.chromestatus.com/feature/5718547946799104 for more details.
2월 16, 2017 01:25:04.93 A Parser-blocking, cross-origin script, http://adlog.adinsight.co.kr/emnet/trs_esc.js, is invoked via document.write. This may be blocked by the browser if the device has poor network connectivity. See https://www.chromestatus.com/feature/5718547946799104 for more details.
2월 16, 2017 01:25:50.51 A Parser-blocking, cross-origin script, http://adlog.adinsight.co.kr/emnet/trs_esc.js, is invoked via document.write. This may be blocked by the browser if the device has poor network connectivity. See https://www.chromestatus.com/feature/5718547946799104 for more[37616:37672:0216/012550.506:ERROR:connection_factory_impl.cc(367)] Failed to connect to MCS endpoint with error -21
2월 16, 2017 01:29:19.17 [37616:37672:0216/012919.173:ERROR:connection_factory_impl.cc(367)] Failed to connect to MCS endpoint with error -118
2월 16, 2017 01:31:10.03 [37616:37672:0216/013110.035:ERROR:connection_factory_impl.cc(367)] Failed to connect to MCS endpoint with error -21
2월 16, 2017 09:08:50.57 [37616:29912:0216/090850.562:ERROR:get_updates_processor.cc(244)] PostClientToServerMessage() failed during GetUpdates
2월 16, 2017 09:08:51.78 [37616:37672:0216/090851.787:ERROR:connection_factory_impl.cc(367)] Failed to connect to MCS endpoint with error -105
2월 16, 2017 09:08:53.15 [37616:27928:0216/090853.149:ERROR:gcm_channel_status_request.cc(89)] GCM channel request failed.
2월 16, 2017 09:08:55.88 [37616:37672:0216/090855.882:ERROR:connection_factory_impl.cc(367)] Failed to connect to MCS endpoint with error -21
2월 16, 2017 09:08:55.92 [37616:29912:0216/090855.923:ERROR:get_updates_processor.cc(244)] PostClientToServerMessage() failed during GetUpdates
2월 16, 2017 09:09:02.03 [37616:37672:0216/090902.031:ERROR:connection_factory_impl.cc(367)] Failed to connect to MCS endpoint with error -21
2월 16, 2017 09:09:02.03 [37616:29912:0216/090902.034:ERROR:get_updates_processor.cc(244)] PostClientToServerMessage() failed during GetUpdates
2월 16, 2017 09:09:07.51 [37616:37672:0216/090907.514:ERROR:connection_factory_impl.cc(367)] Failed to connect to MCS endpoint with error -21
2월 16, 2017 09:09:07.51 [37616:29912:0216/090907.515:ERROR:get_updates_processor.cc(244)] PostClientToServerMessage() failed during GetUpdates
