2017-01-31 13:17:27,443 [Worker-20] INFO  j.exodus.env.EnvironmentImpl - Exodus environment created: C:\Users\Yeob's\Desktop\eclipse\JSP_Works\.metadata\com.genuitec.eclipse.webclipse.livepreview\0\store
2017-01-31 14:27:19,379 [Worker-63] INFO  j.exodus.env.EnvironmentImpl - Exodus environment created: C:\Users\Yeob's\Desktop\eclipse\JSP_Works\.metadata\com.genuitec.eclipse.webclipse.livepreview\1\store
2017-01-31 15:17:37,183 [Worker-87] INFO  j.exodus.env.EnvironmentImpl - Exodus environment created: C:\Users\Yeob's\Desktop\eclipse\JSP_Works\.metadata\com.genuitec.eclipse.webclipse.livepreview\2\store
2017-01-31 19:19:42,784 [Worker-12] INFO  j.exodus.env.EnvironmentImpl - Exodus environment created: C:\Users\Yeob's\Desktop\eclipse\JSP_Works\.metadata\com.genuitec.eclipse.webclipse.livepreview\0\store
2017-01-31 19:19:46,860 [Worker-11] INFO  j.exodus.env.EnvironmentImpl - Exodus environment created: C:\Users\Yeob's\Desktop\eclipse\JSP_Works\.metadata\com.genuitec.eclipse.webclipse.livepreview\1\store
2017-01-31 19:19:48,456 [Worker-11] INFO  j.exodus.env.EnvironmentImpl - Exodus environment created: C:\Users\Yeob's\Desktop\eclipse\JSP_Works\.metadata\com.genuitec.eclipse.webclipse.livepreview\2\store
2017-02-01 03:14:37,438 [Worker-15] INFO  j.exodus.env.EnvironmentImpl - Exodus environment created: C:\Users\Yeob's\Desktop\eclipse\JSP_Works\.metadata\com.genuitec.eclipse.webclipse.livepreview\0\store
2017-02-01 03:17:52,199 [Worker-15] INFO  j.exodus.env.EnvironmentImpl - Exodus environment created: C:\Users\Yeob's\Desktop\eclipse\JSP_Works\.metadata\com.genuitec.eclipse.webclipse.livepreview\1\store
2017-02-01 03:17:54,198 [Worker-15] INFO  j.exodus.env.EnvironmentImpl - Exodus environment created: C:\Users\Yeob's\Desktop\eclipse\JSP_Works\.metadata\com.genuitec.eclipse.webclipse.livepreview\2\store
2017-02-01 04:08:49,214 [Worker-2] INFO  j.exodus.env.EnvironmentImpl - Exodus environment created: C:\Users\Yeob's\Desktop\eclipse\JSP_Works\.metadata\com.genuitec.eclipse.webclipse.livepreview\0\store
2017-02-01 04:08:49,577 [Worker-2] INFO  j.exodus.env.EnvironmentImpl - Exodus environment created: C:\Users\Yeob's\Desktop\eclipse\JSP_Works\.metadata\com.genuitec.eclipse.webclipse.livepreview\1\store
2017-02-01 04:09:03,527 [Worker-2] INFO  j.exodus.env.EnvironmentImpl - Exodus environment created: C:\Users\Yeob's\Desktop\eclipse\JSP_Works\.metadata\com.genuitec.eclipse.webclipse.livepreview\2\store
2017-02-01 10:06:21,691 [Worker-84] INFO  j.exodus.env.EnvironmentImpl - Store get cache hit rate: 0.0%
2017-02-01 10:06:21,693 [Worker-84] INFO  j.exodus.env.EnvironmentImpl - Tree nodes cache hit rate: 0.0%
2017-02-01 10:06:21,694 [Worker-84] INFO  j.exodus.env.EnvironmentImpl - Exodus log cache hit rate: 35.4%
2017-02-01 10:06:21,725 [Worker-84] INFO  j.exodus.env.EnvironmentImpl - Store get cache hit rate: 0.0%
2017-02-01 10:06:21,727 [Worker-84] INFO  j.exodus.env.EnvironmentImpl - Tree nodes cache hit rate: 0.0%
2017-02-01 10:06:21,727 [Worker-84] INFO  j.exodus.env.EnvironmentImpl - Exodus log cache hit rate: 21.9%
2017-02-01 10:06:34,693 [Worker-73] INFO  j.exodus.env.EnvironmentImpl - Exodus environment created: C:\Users\Yeob's\Desktop\eclipse\JSP_Works\.metadata\com.genuitec.eclipse.webclipse.livepreview\1\store
2017-02-01 10:06:34,993 [Worker-73] INFO  j.exodus.env.EnvironmentImpl - Exodus environment created: C:\Users\Yeob's\Desktop\eclipse\JSP_Works\.metadata\com.genuitec.eclipse.webclipse.livepreview\2\store
2017-02-03 14:07:09,422 [Worker-1046] INFO  j.exodus.env.EnvironmentImpl - Exodus environment created: C:\Users\Yeob's\Desktop\eclipse\JSP_Works\.metadata\com.genuitec.eclipse.webclipse.livepreview\3\store
2017-02-04 15:22:41,295 [Worker-9] INFO  j.exodus.env.EnvironmentImpl - Exodus environment created: C:\Users\Yeob's\Desktop\eclipse\JSP_Works\.metadata\com.genuitec.eclipse.webclipse.livepreview\0\store
2017-02-04 18:14:39,439 [Worker-51] INFO  j.exodus.env.EnvironmentImpl - Exodus environment created: C:\Users\Yeob's\Desktop\eclipse\JSP_Works\.metadata\com.genuitec.eclipse.webclipse.livepreview\1\store
2017-02-04 18:14:40,179 [Worker-51] INFO  j.exodus.env.EnvironmentImpl - Exodus environment created: C:\Users\Yeob's\Desktop\eclipse\JSP_Works\.metadata\com.genuitec.eclipse.webclipse.livepreview\2\store
2017-02-04 18:14:41,450 [Worker-51] INFO  j.exodus.env.EnvironmentImpl - Exodus environment created: C:\Users\Yeob's\Desktop\eclipse\JSP_Works\.metadata\com.genuitec.eclipse.webclipse.livepreview\3\store
2017-02-06 02:29:14,264 [Worker-37] INFO  j.exodus.env.EnvironmentImpl - Exodus environment created: C:\Users\Yeob's\Desktop\eclipse\JSP_Works\.metadata\com.genuitec.eclipse.webclipse.livepreview\0\store
2017-02-06 02:30:30,870 [Worker-38] INFO  j.exodus.env.EnvironmentImpl - Exodus environment created: C:\Users\Yeob's\Desktop\eclipse\JSP_Works\.metadata\com.genuitec.eclipse.webclipse.livepreview\1\store
2017-02-06 02:30:31,523 [Worker-38] INFO  j.exodus.env.EnvironmentImpl - Exodus environment created: C:\Users\Yeob's\Desktop\eclipse\JSP_Works\.metadata\com.genuitec.eclipse.webclipse.livepreview\2\store
2017-02-06 02:30:32,997 [Worker-38] INFO  j.exodus.env.EnvironmentImpl - Exodus environment created: C:\Users\Yeob's\Desktop\eclipse\JSP_Works\.metadata\com.genuitec.eclipse.webclipse.livepreview\3\store
2017-02-06 09:46:06,541 [Worker-16] INFO  j.exodus.env.EnvironmentImpl - Exodus environment created: C:\Users\Yeob's\Desktop\eclipse\JSP_Works\.metadata\com.genuitec.eclipse.webclipse.livepreview\0\store
2017-02-06 09:46:06,631 [Worker-16] INFO  j.exodus.env.EnvironmentImpl - Exodus environment created: C:\Users\Yeob's\Desktop\eclipse\JSP_Works\.metadata\com.genuitec.eclipse.webclipse.livepreview\1\store
2017-02-06 09:46:07,370 [Worker-16] INFO  j.exodus.env.EnvironmentImpl - Exodus environment created: C:\Users\Yeob's\Desktop\eclipse\JSP_Works\.metadata\com.genuitec.eclipse.webclipse.livepreview\2\store
2017-02-06 09:46:08,943 [Worker-16] INFO  j.exodus.env.EnvironmentImpl - Exodus environment created: C:\Users\Yeob's\Desktop\eclipse\JSP_Works\.metadata\com.genuitec.eclipse.webclipse.livepreview\3\store
2017-02-06 11:35:04,643 [Worker-69] INFO  j.exodus.env.EnvironmentImpl - Exodus environment created: C:\Users\Yeob's\Desktop\eclipse\JSP_Works\.metadata\com.genuitec.eclipse.webclipse.livepreview\4\store
2017-02-06 17:12:26,219 [Worker-173] INFO  j.exodus.env.EnvironmentImpl - Exodus environment created: C:\Users\Yeob's\Desktop\eclipse\JSP_Works\.metadata\com.genuitec.eclipse.webclipse.livepreview\5\store
2017-02-06 21:09:40,107 [Worker-26] INFO  j.exodus.env.EnvironmentImpl - Exodus environment created: C:\Users\Yeob's\Desktop\eclipse\JSP_Works\.metadata\com.genuitec.eclipse.webclipse.livepreview\0\store
2017-02-06 21:21:41,247 [Worker-26] INFO  j.exodus.env.EnvironmentImpl - Exodus environment created: C:\Users\Yeob's\Desktop\eclipse\JSP_Works\.metadata\com.genuitec.eclipse.webclipse.livepreview\1\store
2017-02-06 21:21:42,078 [Worker-26] INFO  j.exodus.env.EnvironmentImpl - Exodus environment created: C:\Users\Yeob's\Desktop\eclipse\JSP_Works\.metadata\com.genuitec.eclipse.webclipse.livepreview\2\store
2017-02-06 21:21:43,932 [Worker-26] INFO  j.exodus.env.EnvironmentImpl - Exodus environment created: C:\Users\Yeob's\Desktop\eclipse\JSP_Works\.metadata\com.genuitec.eclipse.webclipse.livepreview\3\store
2017-02-06 21:21:44,223 [Worker-26] INFO  j.exodus.env.EnvironmentImpl - Exodus environment created: C:\Users\Yeob's\Desktop\eclipse\JSP_Works\.metadata\com.genuitec.eclipse.webclipse.livepreview\4\store
2017-02-06 21:21:44,386 [Worker-26] INFO  j.exodus.env.EnvironmentImpl - Exodus environment created: C:\Users\Yeob's\Desktop\eclipse\JSP_Works\.metadata\com.genuitec.eclipse.webclipse.livepreview\5\store
2017-02-07 09:19:17,252 [Worker-19] INFO  j.exodus.env.EnvironmentImpl - Exodus environment created: C:\Users\Yeob's\Desktop\eclipse\JSP_Works\.metadata\com.genuitec.eclipse.webclipse.livepreview\0\store
2017-02-07 10:10:18,561 [Worker-47] INFO  j.exodus.env.EnvironmentImpl - Exodus environment created: C:\Users\Yeob's\Desktop\eclipse\JSP_Works\.metadata\com.genuitec.eclipse.webclipse.livepreview\1\store
2017-02-07 10:10:19,425 [Worker-47] INFO  j.exodus.env.EnvironmentImpl - Exodus environment created: C:\Users\Yeob's\Desktop\eclipse\JSP_Works\.metadata\com.genuitec.eclipse.webclipse.livepreview\2\store
2017-02-07 10:10:20,987 [Worker-47] INFO  j.exodus.env.EnvironmentImpl - Exodus environment created: C:\Users\Yeob's\Desktop\eclipse\JSP_Works\.metadata\com.genuitec.eclipse.webclipse.livepreview\3\store
2017-02-07 10:10:21,841 [Worker-47] INFO  j.exodus.env.EnvironmentImpl - Exodus environment created: C:\Users\Yeob's\Desktop\eclipse\JSP_Works\.metadata\com.genuitec.eclipse.webclipse.livepreview\4\store
2017-02-07 10:10:22,169 [Worker-47] INFO  j.exodus.env.EnvironmentImpl - Exodus environment created: C:\Users\Yeob's\Desktop\eclipse\JSP_Works\.metadata\com.genuitec.eclipse.webclipse.livepreview\5\store
2017-02-07 14:08:20,855 [Worker-155] INFO  j.exodus.env.EnvironmentImpl - Exodus environment created: C:\Users\Yeob's\Desktop\eclipse\JSP_Works\.metadata\com.genuitec.eclipse.webclipse.livepreview\6\store
2017-02-07 23:25:31,223 [Worker-7] INFO  j.exodus.env.EnvironmentImpl - Exodus environment created: C:\Users\Yeob's\Desktop\eclipse\JSP_Works\.metadata\com.genuitec.eclipse.webclipse.livepreview\0\store
2017-02-07 23:25:31,362 [Worker-7] INFO  j.exodus.env.EnvironmentImpl - Exodus environment created: C:\Users\Yeob's\Desktop\eclipse\JSP_Works\.metadata\com.genuitec.eclipse.webclipse.livepreview\1\store
2017-02-07 23:25:32,889 [Worker-7] INFO  j.exodus.env.EnvironmentImpl - Exodus environment created: C:\Users\Yeob's\Desktop\eclipse\JSP_Works\.metadata\com.genuitec.eclipse.webclipse.livepreview\2\store
2017-02-07 23:25:34,504 [Worker-7] INFO  j.exodus.env.EnvironmentImpl - Exodus environment created: C:\Users\Yeob's\Desktop\eclipse\JSP_Works\.metadata\com.genuitec.eclipse.webclipse.livepreview\3\store
2017-02-07 23:25:34,946 [Worker-7] INFO  j.exodus.env.EnvironmentImpl - Exodus environment created: C:\Users\Yeob's\Desktop\eclipse\JSP_Works\.metadata\com.genuitec.eclipse.webclipse.livepreview\4\store
2017-02-07 23:25:35,680 [Worker-7] INFO  j.exodus.env.EnvironmentImpl - Exodus environment created: C:\Users\Yeob's\Desktop\eclipse\JSP_Works\.metadata\com.genuitec.eclipse.webclipse.livepreview\5\store
2017-02-07 23:25:36,018 [Worker-7] INFO  j.exodus.env.EnvironmentImpl - Exodus environment created: C:\Users\Yeob's\Desktop\eclipse\JSP_Works\.metadata\com.genuitec.eclipse.webclipse.livepreview\6\store
2017-02-08 17:51:49,538 [Worker-406] INFO  j.exodus.env.EnvironmentImpl - Exodus environment created: C:\Users\Yeob's\Desktop\eclipse\JSP_Works\.metadata\com.genuitec.eclipse.webclipse.livepreview\7\store
2017-02-09 09:39:10,252 [Worker-434] INFO  j.exodus.env.EnvironmentImpl - Exodus environment created: C:\Users\Yeob's\Desktop\eclipse\JSP_Works\.metadata\com.genuitec.eclipse.webclipse.livepreview\8\store
2017-02-09 09:56:13,106 [Worker-10] INFO  j.exodus.env.EnvironmentImpl - Exodus environment created: C:\Users\Yeob's\Desktop\eclipse\JSP_Works\.metadata\com.genuitec.eclipse.webclipse.livepreview\0\store
2017-02-09 09:56:13,712 [Worker-10] INFO  j.exodus.env.EnvironmentImpl - Exodus environment created: C:\Users\Yeob's\Desktop\eclipse\JSP_Works\.metadata\com.genuitec.eclipse.webclipse.livepreview\1\store
2017-02-09 09:56:17,223 [Worker-10] INFO  j.exodus.env.EnvironmentImpl - Exodus environment created: C:\Users\Yeob's\Desktop\eclipse\JSP_Works\.metadata\com.genuitec.eclipse.webclipse.livepreview\2\store
2017-02-09 09:56:19,878 [Worker-10] INFO  j.exodus.env.EnvironmentImpl - Exodus environment created: C:\Users\Yeob's\Desktop\eclipse\JSP_Works\.metadata\com.genuitec.eclipse.webclipse.livepreview\3\store
2017-02-09 09:56:20,203 [Worker-10] INFO  j.exodus.env.EnvironmentImpl - Exodus environment created: C:\Users\Yeob's\Desktop\eclipse\JSP_Works\.metadata\com.genuitec.eclipse.webclipse.livepreview\4\store
2017-02-09 09:56:20,522 [Worker-10] INFO  j.exodus.env.EnvironmentImpl - Exodus environment created: C:\Users\Yeob's\Desktop\eclipse\JSP_Works\.metadata\com.genuitec.eclipse.webclipse.livepreview\5\store
2017-02-09 09:56:20,682 [Worker-10] INFO  j.exodus.env.EnvironmentImpl - Exodus environment created: C:\Users\Yeob's\Desktop\eclipse\JSP_Works\.metadata\com.genuitec.eclipse.webclipse.livepreview\6\store
2017-02-09 09:56:20,970 [Worker-10] INFO  j.exodus.env.EnvironmentImpl - Exodus environment created: C:\Users\Yeob's\Desktop\eclipse\JSP_Works\.metadata\com.genuitec.eclipse.webclipse.livepreview\7\store
2017-02-09 09:56:21,009 [Worker-10] INFO  j.exodus.env.EnvironmentImpl - Exodus environment created: C:\Users\Yeob's\Desktop\eclipse\JSP_Works\.metadata\com.genuitec.eclipse.webclipse.livepreview\8\store
2017-02-09 09:57:38,749 [Worker-4] INFO  j.exodus.env.EnvironmentImpl - Exodus environment created: C:\Users\Yeob's\Desktop\eclipse\JSP_Works\.metadata\com.genuitec.eclipse.webclipse.livepreview\0\store
2017-02-09 09:57:38,969 [Worker-4] INFO  j.exodus.env.EnvironmentImpl - Exodus environment created: C:\Users\Yeob's\Desktop\eclipse\JSP_Works\.metadata\com.genuitec.eclipse.webclipse.livepreview\1\store
2017-02-09 09:57:41,448 [Worker-4] INFO  j.exodus.env.EnvironmentImpl - Exodus environment created: C:\Users\Yeob's\Desktop\eclipse\JSP_Works\.metadata\com.genuitec.eclipse.webclipse.livepreview\2\store
2017-02-09 09:57:43,730 [Worker-4] INFO  j.exodus.env.EnvironmentImpl - Exodus environment created: C:\Users\Yeob's\Desktop\eclipse\JSP_Works\.metadata\com.genuitec.eclipse.webclipse.livepreview\3\store
2017-02-09 09:57:44,097 [Worker-4] INFO  j.exodus.env.EnvironmentImpl - Exodus environment created: C:\Users\Yeob's\Desktop\eclipse\JSP_Works\.metadata\com.genuitec.eclipse.webclipse.livepreview\4\store
2017-02-09 09:57:44,431 [Worker-4] INFO  j.exodus.env.EnvironmentImpl - Exodus environment created: C:\Users\Yeob's\Desktop\eclipse\JSP_Works\.metadata\com.genuitec.eclipse.webclipse.livepreview\5\store
2017-02-09 09:57:44,581 [Worker-4] INFO  j.exodus.env.EnvironmentImpl - Exodus environment created: C:\Users\Yeob's\Desktop\eclipse\JSP_Works\.metadata\com.genuitec.eclipse.webclipse.livepreview\6\store
2017-02-09 09:57:44,868 [Worker-4] INFO  j.exodus.env.EnvironmentImpl - Exodus environment created: C:\Users\Yeob's\Desktop\eclipse\JSP_Works\.metadata\com.genuitec.eclipse.webclipse.livepreview\7\store
2017-02-09 09:57:44,901 [Worker-4] INFO  j.exodus.env.EnvironmentImpl - Exodus environment created: C:\Users\Yeob's\Desktop\eclipse\JSP_Works\.metadata\com.genuitec.eclipse.webclipse.livepreview\8\store
2017-02-09 10:40:39,679 [Worker-21] INFO  j.exodus.env.EnvironmentImpl - Exodus environment created: C:\Users\Yeob's\Desktop\eclipse\JSP_Works\.metadata\com.genuitec.eclipse.webclipse.livepreview\9\store
2017-02-09 14:07:35,850 [Worker-410] INFO  j.exodus.env.EnvironmentImpl - Exodus environment created: C:\Users\Yeob's\Desktop\eclipse\JSP_Works\.metadata\com.genuitec.eclipse.webclipse.livepreview\10\store
2017-02-09 15:02:57,535 [Worker-451] INFO  j.exodus.env.EnvironmentImpl - Exodus environment created: C:\Users\Yeob's\Desktop\eclipse\JSP_Works\.metadata\com.genuitec.eclipse.webclipse.livepreview\11\store
2017-02-09 22:16:20,748 [Worker-529] INFO  j.exodus.env.EnvironmentImpl - Exodus environment created: C:\Users\Yeob's\Desktop\eclipse\JSP_Works\.metadata\com.genuitec.eclipse.webclipse.livepreview\12\store
2017-02-10 00:26:08,222 [Worker-565] INFO  j.exodus.env.EnvironmentImpl - Store get cache hit rate: 0.0%
2017-02-10 00:26:08,223 [Worker-565] INFO  j.exodus.env.EnvironmentImpl - Tree nodes cache hit rate: 0.0%
2017-02-10 00:26:08,223 [Worker-565] INFO  j.exodus.env.EnvironmentImpl - Exodus log cache hit rate: 3.1%
2017-02-10 00:26:08,230 [Worker-565] INFO  j.exodus.env.EnvironmentImpl - Store get cache hit rate: 0.0%
2017-02-10 00:26:08,231 [Worker-565] INFO  j.exodus.env.EnvironmentImpl - Tree nodes cache hit rate: 0.0%
2017-02-10 00:26:08,231 [Worker-565] INFO  j.exodus.env.EnvironmentImpl - Exodus log cache hit rate: 2.9%
2017-02-10 00:26:08,237 [Worker-565] INFO  j.exodus.env.EnvironmentImpl - Store get cache hit rate: 0.0%
2017-02-10 00:26:08,237 [Worker-565] INFO  j.exodus.env.EnvironmentImpl - Tree nodes cache hit rate: 0.0%
2017-02-10 00:26:08,237 [Worker-565] INFO  j.exodus.env.EnvironmentImpl - Exodus log cache hit rate: 2.7%
2017-02-10 00:26:08,243 [Worker-565] INFO  j.exodus.env.EnvironmentImpl - Store get cache hit rate: 0.0%
2017-02-10 00:26:08,243 [Worker-565] INFO  j.exodus.env.EnvironmentImpl - Tree nodes cache hit rate: 0.0%
2017-02-10 00:26:08,244 [Worker-565] INFO  j.exodus.env.EnvironmentImpl - Exodus log cache hit rate: 2.6%
2017-02-10 00:26:08,250 [Worker-565] INFO  j.exodus.env.EnvironmentImpl - Store get cache hit rate: 0.0%
2017-02-10 00:26:08,250 [Worker-565] INFO  j.exodus.env.EnvironmentImpl - Tree nodes cache hit rate: 0.0%
2017-02-10 00:26:08,250 [Worker-565] INFO  j.exodus.env.EnvironmentImpl - Exodus log cache hit rate: 2.4%
2017-02-10 00:26:08,258 [Worker-565] INFO  j.exodus.env.EnvironmentImpl - Store get cache hit rate: 0.0%
2017-02-10 00:26:08,258 [Worker-565] INFO  j.exodus.env.EnvironmentImpl - Tree nodes cache hit rate: 0.0%
2017-02-10 00:26:08,258 [Worker-565] INFO  j.exodus.env.EnvironmentImpl - Exodus log cache hit rate: 2.3%
2017-02-10 00:26:08,265 [Worker-565] INFO  j.exodus.env.EnvironmentImpl - Store get cache hit rate: 0.0%
2017-02-10 00:26:08,265 [Worker-565] INFO  j.exodus.env.EnvironmentImpl - Tree nodes cache hit rate: 0.0%
2017-02-10 00:26:08,265 [Worker-565] INFO  j.exodus.env.EnvironmentImpl - Exodus log cache hit rate: 2.2%
2017-02-10 00:26:08,272 [Worker-565] INFO  j.exodus.env.EnvironmentImpl - Store get cache hit rate: 0.0%
2017-02-10 00:26:08,272 [Worker-565] INFO  j.exodus.env.EnvironmentImpl - Tree nodes cache hit rate: 0.0%
2017-02-10 00:26:08,272 [Worker-565] INFO  j.exodus.env.EnvironmentImpl - Exodus log cache hit rate: 2.1%
2017-02-10 00:26:08,278 [Worker-565] INFO  j.exodus.env.EnvironmentImpl - Store get cache hit rate: 0.0%
2017-02-10 00:26:08,278 [Worker-565] INFO  j.exodus.env.EnvironmentImpl - Tree nodes cache hit rate: 0.0%
2017-02-10 00:26:08,279 [Worker-565] INFO  j.exodus.env.EnvironmentImpl - Exodus log cache hit rate: 2.0%
2017-02-10 00:26:08,285 [Worker-565] INFO  j.exodus.env.EnvironmentImpl - Store get cache hit rate: 0.0%
2017-02-10 00:26:08,285 [Worker-565] INFO  j.exodus.env.EnvironmentImpl - Tree nodes cache hit rate: 0.0%
2017-02-10 00:26:08,285 [Worker-565] INFO  j.exodus.env.EnvironmentImpl - Exodus log cache hit rate: 1.9%
2017-02-10 00:26:08,292 [Worker-565] INFO  j.exodus.env.EnvironmentImpl - Store get cache hit rate: 0.0%
2017-02-10 00:26:08,292 [Worker-565] INFO  j.exodus.env.EnvironmentImpl - Tree nodes cache hit rate: 0.0%
2017-02-10 00:26:08,292 [Worker-565] INFO  j.exodus.env.EnvironmentImpl - Exodus log cache hit rate: 1.8%
2017-02-10 00:26:08,300 [Worker-565] INFO  j.exodus.env.EnvironmentImpl - Store get cache hit rate: 0.0%
2017-02-10 00:26:08,300 [Worker-565] INFO  j.exodus.env.EnvironmentImpl - Tree nodes cache hit rate: 0.0%
2017-02-10 00:26:08,300 [Worker-565] INFO  j.exodus.env.EnvironmentImpl - Exodus log cache hit rate: 1.8%
2017-02-10 09:22:36,743 [Worker-12] INFO  j.exodus.env.EnvironmentImpl - Exodus environment created: C:\Users\Yeob's\Desktop\eclipse\JSP_Works\.metadata\com.genuitec.eclipse.webclipse.livepreview\0\store
2017-02-10 14:25:23,631 [Worker-10] INFO  j.exodus.env.EnvironmentImpl - Exodus environment created: C:\Users\Yeob's\Desktop\eclipse\JSP_Works\.metadata\com.genuitec.eclipse.webclipse.livepreview\0\store
2017-02-11 23:30:00,692 [Worker-3] INFO  j.exodus.env.EnvironmentImpl - Exodus environment created: C:\Users\Yeob's\Desktop\eclipse\JSP_Works\.metadata\com.genuitec.eclipse.webclipse.livepreview\0\store
2017-02-11 23:54:06,700 [Worker-14] INFO  j.exodus.env.EnvironmentImpl - Exodus environment created: C:\Users\Yeob's\Desktop\eclipse\JSP_Works\.metadata\com.genuitec.eclipse.webclipse.livepreview\0\store
2017-02-13 09:36:33,441 [Worker-19] INFO  j.exodus.env.EnvironmentImpl - Exodus environment created: C:\Users\Yeob's\Desktop\eclipse\JSP_Works\.metadata\com.genuitec.eclipse.webclipse.livepreview\0\store
2017-02-14 09:16:08,151 [Worker-11] INFO  j.exodus.env.EnvironmentImpl - Exodus environment created: C:\Users\Yeob's\Desktop\eclipse\JSP_Works\.metadata\com.genuitec.eclipse.webclipse.livepreview\0\store
2017-02-15 02:08:59,398 [Worker-2184] INFO  j.exodus.env.EnvironmentImpl - Exodus environment created: C:\Users\Yeob's\Desktop\eclipse\JSP_Works\.metadata\com.genuitec.eclipse.webclipse.livepreview\1\store
2017-02-15 02:08:59,935 [Worker-2184] INFO  j.exodus.env.EnvironmentImpl - Exodus environment created: C:\Users\Yeob's\Desktop\eclipse\JSP_Works\.metadata\com.genuitec.eclipse.webclipse.livepreview\2\store
2017-02-15 02:09:01,743 [Worker-2176] INFO  j.exodus.env.EnvironmentImpl - Store get cache hit rate: 0.0%
2017-02-15 02:09:01,743 [Worker-2176] INFO  j.exodus.env.EnvironmentImpl - Tree nodes cache hit rate: 0.0%
2017-02-15 02:09:01,743 [Worker-2176] INFO  j.exodus.env.EnvironmentImpl - Exodus log cache hit rate: 0.0%
2017-02-15 02:09:01,749 [Worker-2176] INFO  j.exodus.env.EnvironmentImpl - Store get cache hit rate: 0.0%
2017-02-15 02:09:01,751 [Worker-2176] INFO  j.exodus.env.EnvironmentImpl - Tree nodes cache hit rate: 0.0%
2017-02-15 02:09:01,751 [Worker-2176] INFO  j.exodus.env.EnvironmentImpl - Exodus log cache hit rate: 0.0%
2017-02-15 09:16:51,216 [main] INFO  org.eclipse.jetty.util.log - Logging initialized @86502871ms
2017-02-15 09:16:51,366 [main] INFO  org.eclipse.jetty.server.Server - jetty-9.3.9.v20160517
2017-02-15 09:16:51,427 [main] INFO  o.e.j.server.handler.ContextHandler - Started o.e.j.s.ServletContextHandler@48598dc4{/wse,null,AVAILABLE}
2017-02-15 09:16:51,435 [main] INFO  o.e.jetty.server.AbstractConnector - Started ServerConnector@5882e181{HTTP/1.1,[http/1.1]}{0.0.0.0:64447}
2017-02-15 09:16:51,435 [main] INFO  org.eclipse.jetty.server.Server - Started @86503090ms
2017-02-16 09:16:22,098 [Framework stop] INFO  o.e.jetty.server.AbstractConnector - Stopped ServerConnector@5882e181{HTTP/1.1,[http/1.1]}{0.0.0.0:0}
2017-02-16 09:16:22,168 [Framework stop] INFO  o.e.j.server.handler.ContextHandler - Stopped o.e.j.s.ServletContextHandler@48598dc4{/wse,null,UNAVAILABLE}
